{"total": {"lines":{"total":3386,"covered":2467,"skipped":0,"pct":72.85},"statements":{"total":3843,"covered":2756,"skipped":0,"pct":71.71},"functions":{"total":1082,"covered":708,"skipped":0,"pct":65.43},"branches":{"total":3580,"covered":2414,"skipped":0,"pct":67.43},"branchesTrue":{"total":0,"covered":0,"skipped":0,"pct":100}}
,"/Users/dknowles/src/trusty-track/frontend/src/api/graphqlClient.ts": {"lines":{"total":15,"covered":11,"skipped":0,"pct":73.33},"functions":{"total":8,"covered":4,"skipped":0,"pct":50},"statements":{"total":16,"covered":12,"skipped":0,"pct":75},"branches":{"total":4,"covered":1,"skipped":0,"pct":25}}
,"/Users/dknowles/src/trusty-track/frontend/src/api/liveConnection.ts": {"lines":{"total":26,"covered":25,"skipped":0,"pct":96.15},"functions":{"total":11,"covered":10,"skipped":0,"pct":90.9},"statements":{"total":28,"covered":27,"skipped":0,"pct":96.42},"branches":{"total":11,"covered":11,"skipped":0,"pct":100}}
,"/Users/dknowles/src/trusty-track/frontend/src/api/pin.ts": {"lines":{"total":15,"covered":15,"skipped":0,"pct":100},"functions":{"total":5,"covered":5,"skipped":0,"pct":100},"statements":{"total":16,"covered":16,"skipped":0,"pct":100},"branches":{"total":6,"covered":6,"skipped":0,"pct":100}}
,"/Users/dknowles/src/trusty-track/frontend/src/assets/logo_full_transparent.png": {"lines":{"total":0,"covered":0,"skipped":0,"pct":100},"functions":{"total":0,"covered":0,"skipped":0,"pct":100},"statements":{"total":0,"covered":0,"skipped":0,"pct":100},"branches":{"total":0,"covered":0,"skipped":0,"pct":100}}
,"/Users/dknowles/src/trusty-track/frontend/src/assets/logo_transparent.png": {"lines":{"total":0,"covered":0,"skipped":0,"pct":100},"functions":{"total":0,"covered":0,"skipped":0,"pct":100},"statements":{"total":0,"covered":0,"skipped":0,"pct":100},"branches":{"total":0,"covered":0,"skipped":0,"pct":100}}
,"/Users/dknowles/src/trusty-track/frontend/src/components/ui/CameraCapture.tsx": {"lines":{"total":30,"covered":0,"skipped":0,"pct":0},"functions":{"total":7,"covered":0,"skipped":0,"pct":0},"statements":{"total":33,"covered":0,"skipped":0,"pct":0},"branches":{"total":14,"covered":0,"skipped":0,"pct":0}}
,"/Users/dknowles/src/trusty-track/frontend/src/components/ui/Modal.tsx": {"lines":{"total":15,"covered":13,"skipped":0,"pct":86.66},"functions":{"total":5,"covered":5,"skipped":0,"pct":100},"statements":{"total":16,"covered":14,"skipped":0,"pct":87.5},"branches":{"total":11,"covered":9,"skipped":0,"pct":81.81}}
,"/Users/dknowles/src/trusty-track/frontend/src/context/AlertContext.tsx": {"lines":{"total":58,"covered":47,"skipped":0,"pct":81.03},"functions":{"total":24,"covered":12,"skipped":0,"pct":50},"statements":{"total":66,"covered":49,"skipped":0,"pct":74.24},"branches":{"total":27,"covered":18,"skipped":0,"pct":66.66}}
,"/Users/dknowles/src/trusty-track/frontend/src/context/ChromeContext.tsx": {"lines":{"total":6,"covered":2,"skipped":0,"pct":33.33},"functions":{"total":5,"covered":2,"skipped":0,"pct":40},"statements":{"total":8,"covered":2,"skipped":0,"pct":25},"branches":{"total":0,"covered":0,"skipped":0,"pct":100}}
,"/Users/dknowles/src/trusty-track/frontend/src/context/SerialProxyContext.tsx": {"lines":{"total":117,"covered":92,"skipped":0,"pct":78.63},"functions":{"total":14,"covered":11,"skipped":0,"pct":78.57},"statements":{"total":122,"covered":95,"skipped":0,"pct":77.86},"branches":{"total":42,"covered":28,"skipped":0,"pct":66.66}}
,"/Users/dknowles/src/trusty-track/frontend/src/features/awards/awardText.ts": {"lines":{"total":22,"covered":22,"skipped":0,"pct":100},"functions":{"total":7,"covered":7,"skipped":0,"pct":100},"statements":{"total":28,"covered":28,"skipped":0,"pct":100},"branches":{"total":32,"covered":32,"skipped":0,"pct":100}}
,"/Users/dknowles/src/trusty-track/frontend/src/features/awards/ceremony.ts": {"lines":{"total":9,"covered":9,"skipped":0,"pct":100},"functions":{"total":3,"covered":3,"skipped":0,"pct":100},"statements":{"total":11,"covered":11,"skipped":0,"pct":100},"branches":{"total":19,"covered":19,"skipped":0,"pct":100}}
,"/Users/dknowles/src/trusty-track/frontend/src/features/awards/components/AwardForm.tsx": {"lines":{"total":21,"covered":19,"skipped":0,"pct":90.47},"functions":{"total":15,"covered":13,"skipped":0,"pct":86.66},"statements":{"total":23,"covered":20,"skipped":0,"pct":86.95},"branches":{"total":20,"covered":15,"skipped":0,"pct":75}}
,"/Users/dknowles/src/trusty-track/frontend/src/features/awards/graphql/queries.ts": {"lines":{"total":5,"covered":5,"skipped":0,"pct":100},"functions":{"total":0,"covered":0,"skipped":0,"pct":100},"statements":{"total":5,"covered":5,"skipped":0,"pct":100},"branches":{"total":0,"covered":0,"skipped":0,"pct":100}}
,"/Users/dknowles/src/trusty-track/frontend/src/features/awards/pages/AwardCeremony.tsx": {"lines":{"total":26,"covered":26,"skipped":0,"pct":100},"functions":{"total":9,"covered":9,"skipped":0,"pct":100},"statements":{"total":30,"covered":28,"skipped":0,"pct":93.33},"branches":{"total":28,"covered":23,"skipped":0,"pct":82.14}}
,"/Users/dknowles/src/trusty-track/frontend/src/features/awards/pages/Awards.tsx": {"lines":{"total":61,"covered":39,"skipped":0,"pct":63.93},"functions":{"total":18,"covered":12,"skipped":0,"pct":66.66},"statements":{"total":68,"covered":42,"skipped":0,"pct":61.76},"branches":{"total":70,"covered":43,"skipped":0,"pct":61.42}}
,"/Users/dknowles/src/trusty-track/frontend/src/features/core/components/Navigation.tsx": {"lines":{"total":71,"covered":43,"skipped":0,"pct":60.56},"functions":{"total":33,"covered":11,"skipped":0,"pct":33.33},"statements":{"total":76,"covered":45,"skipped":0,"pct":59.21},"branches":{"total":91,"covered":57,"skipped":0,"pct":62.63}}
,"/Users/dknowles/src/trusty-track/frontend/src/features/core/components/UnlockButton.tsx": {"lines":{"total":18,"covered":0,"skipped":0,"pct":0},"functions":{"total":8,"covered":0,"skipped":0,"pct":0},"statements":{"total":19,"covered":0,"skipped":0,"pct":0},"branches":{"total":6,"covered":0,"skipped":0,"pct":0}}
,"/Users/dknowles/src/trusty-track/frontend/src/features/core/graphql/queries.ts": {"lines":{"total":4,"covered":4,"skipped":0,"pct":100},"functions":{"total":0,"covered":0,"skipped":0,"pct":100},"statements":{"total":4,"covered":4,"skipped":0,"pct":100},"branches":{"total":0,"covered":0,"skipped":0,"pct":100}}
,"/Users/dknowles/src/trusty-track/frontend/src/features/core/hooks/useRaceStateChanged.ts": {"lines":{"total":8,"covered":8,"skipped":0,"pct":100},"functions":{"total":3,"covered":3,"skipped":0,"pct":100},"statements":{"total":11,"covered":11,"skipped":0,"pct":100},"branches":{"total":14,"covered":14,"skipped":0,"pct":100}}
,"/Users/dknowles/src/trusty-track/frontend/src/features/management/csvMapping.ts": {"lines":{"total":106,"covered":106,"skipped":0,"pct":100},"functions":{"total":29,"covered":29,"skipped":0,"pct":100},"statements":{"total":124,"covered":123,"skipped":0,"pct":99.19},"branches":{"total":70,"covered":68,"skipped":0,"pct":97.14}}
,"/Users/dknowles/src/trusty-track/frontend/src/features/management/racerEntry.ts": {"lines":{"total":1,"covered":1,"skipped":0,"pct":100},"functions":{"total":1,"covered":1,"skipped":0,"pct":100},"statements":{"total":1,"covered":1,"skipped":0,"pct":100},"branches":{"total":0,"covered":0,"skipped":0,"pct":100}}
,"/Users/dknowles/src/trusty-track/frontend/src/features/management/rosterSort.ts": {"lines":{"total":28,"covered":27,"skipped":0,"pct":96.42},"functions":{"total":6,"covered":6,"skipped":0,"pct":100},"statements":{"total":34,"covered":32,"skipped":0,"pct":94.11},"branches":{"total":38,"covered":31,"skipped":0,"pct":81.57}}
,"/Users/dknowles/src/trusty-track/frontend/src/features/management/rosterStatus.ts": {"lines":{"total":6,"covered":6,"skipped":0,"pct":100},"functions":{"total":3,"covered":3,"skipped":0,"pct":100},"statements":{"total":9,"covered":9,"skipped":0,"pct":100},"branches":{"total":10,"covered":10,"skipped":0,"pct":100}}
,"/Users/dknowles/src/trusty-track/frontend/src/features/management/setupChecklist.ts": {"lines":{"total":4,"covered":4,"skipped":0,"pct":100},"functions":{"total":5,"covered":5,"skipped":0,"pct":100},"statements":{"total":6,"covered":6,"skipped":0,"pct":100},"branches":{"total":6,"covered":6,"skipped":0,"pct":100}}
,"/Users/dknowles/src/trusty-track/frontend/src/features/management/weightCheck.ts": {"lines":{"total":8,"covered":8,"skipped":0,"pct":100},"functions":{"total":3,"covered":3,"skipped":0,"pct":100},"statements":{"total":11,"covered":11,"skipped":0,"pct":100},"branches":{"total":12,"covered":12,"skipped":0,"pct":100}}
,"/Users/dknowles/src/trusty-track/frontend/src/features/management/components/BulkPhotoUploadModal.tsx": {"lines":{"total":148,"covered":68,"skipped":0,"pct":45.94},"functions":{"total":61,"covered":22,"skipped":0,"pct":36.06},"statements":{"total":179,"covered":78,"skipped":0,"pct":43.57},"branches":{"total":141,"covered":42,"skipped":0,"pct":29.78}}
,"/Users/dknowles/src/trusty-track/frontend/src/features/management/components/CheckInProgress.tsx": {"lines":{"total":4,"covered":4,"skipped":0,"pct":100},"functions":{"total":1,"covered":1,"skipped":0,"pct":100},"statements":{"total":5,"covered":5,"skipped":0,"pct":100},"branches":{"total":6,"covered":6,"skipped":0,"pct":100}}
,"/Users/dknowles/src/trusty-track/frontend/src/features/management/components/DenManager.tsx": {"lines":{"total":103,"covered":1,"skipped":0,"pct":0.97},"functions":{"total":28,"covered":0,"skipped":0,"pct":0},"statements":{"total":108,"covered":1,"skipped":0,"pct":0.92},"branches":{"total":75,"covered":0,"skipped":0,"pct":0}}
,"/Users/dknowles/src/trusty-track/frontend/src/features/management/components/ImportRacersModal.tsx": {"lines":{"total":64,"covered":56,"skipped":0,"pct":87.5},"functions":{"total":17,"covered":14,"skipped":0,"pct":82.35},"statements":{"total":71,"covered":59,"skipped":0,"pct":83.09},"branches":{"total":71,"covered":64,"skipped":0,"pct":90.14}}
,"/Users/dknowles/src/trusty-track/frontend/src/features/management/components/NoHeatsBadge.tsx": {"lines":{"total":4,"covered":3,"skipped":0,"pct":75},"functions":{"total":1,"covered":1,"skipped":0,"pct":100},"statements":{"total":5,"covered":4,"skipped":0,"pct":80},"branches":{"total":4,"covered":1,"skipped":0,"pct":25}}
,"/Users/dknowles/src/trusty-track/frontend/src/features/management/components/RaceForm.tsx": {"lines":{"total":28,"covered":19,"skipped":0,"pct":67.85},"functions":{"total":17,"covered":7,"skipped":0,"pct":41.17},"statements":{"total":31,"covered":21,"skipped":0,"pct":67.74},"branches":{"total":26,"covered":18,"skipped":0,"pct":69.23}}
,"/Users/dknowles/src/trusty-track/frontend/src/features/management/components/RacerAvatar.tsx": {"lines":{"total":8,"covered":8,"skipped":0,"pct":100},"functions":{"total":1,"covered":1,"skipped":0,"pct":100},"statements":{"total":8,"covered":8,"skipped":0,"pct":100},"branches":{"total":3,"covered":3,"skipped":0,"pct":100}}
,"/Users/dknowles/src/trusty-track/frontend/src/features/management/components/RacerCombobox.tsx": {"lines":{"total":69,"covered":52,"skipped":0,"pct":75.36},"functions":{"total":16,"covered":13,"skipped":0,"pct":81.25},"statements":{"total":75,"covered":53,"skipped":0,"pct":70.66},"branches":{"total":66,"covered":38,"skipped":0,"pct":57.57}}
,"/Users/dknowles/src/trusty-track/frontend/src/features/management/components/RacerForm.tsx": {"lines":{"total":47,"covered":20,"skipped":0,"pct":42.55},"functions":{"total":15,"covered":4,"skipped":0,"pct":26.66},"statements":{"total":51,"covered":21,"skipped":0,"pct":41.17},"branches":{"total":61,"covered":33,"skipped":0,"pct":54.09}}
,"/Users/dknowles/src/trusty-track/frontend/src/features/management/components/SetupChecklist.tsx": {"lines":{"total":8,"covered":8,"skipped":0,"pct":100},"functions":{"total":3,"covered":3,"skipped":0,"pct":100},"statements":{"total":10,"covered":10,"skipped":0,"pct":100},"branches":{"total":20,"covered":20,"skipped":0,"pct":100}}
,"/Users/dknowles/src/trusty-track/frontend/src/features/management/components/SortableHeader.tsx": {"lines":{"total":4,"covered":4,"skipped":0,"pct":100},"functions":{"total":2,"covered":2,"skipped":0,"pct":100},"statements":{"total":4,"covered":4,"skipped":0,"pct":100},"branches":{"total":9,"covered":9,"skipped":0,"pct":100}}
,"/Users/dknowles/src/trusty-track/frontend/src/features/management/graphql/queries.ts": {"lines":{"total":22,"covered":22,"skipped":0,"pct":100},"functions":{"total":0,"covered":0,"skipped":0,"pct":100},"statements":{"total":22,"covered":22,"skipped":0,"pct":100},"branches":{"total":0,"covered":0,"skipped":0,"pct":100}}
,"/Users/dknowles/src/trusty-track/frontend/src/features/management/pages/Home.tsx": {"lines":{"total":30,"covered":12,"skipped":0,"pct":40},"functions":{"total":7,"covered":2,"skipped":0,"pct":28.57},"statements":{"total":31,"covered":12,"skipped":0,"pct":38.7},"branches":{"total":25,"covered":13,"skipped":0,"pct":52}}
,"/Users/dknowles/src/trusty-track/frontend/src/features/management/pages/RaceDetails.tsx": {"lines":{"total":292,"covered":173,"skipped":0,"pct":59.24},"functions":{"total":107,"covered":52,"skipped":0,"pct":48.59},"statements":{"total":338,"covered":185,"skipped":0,"pct":54.73},"branches":{"total":278,"covered":158,"skipped":0,"pct":56.83}}
,"/Users/dknowles/src/trusty-track/frontend/src/features/observation/displayIdentity.ts": {"lines":{"total":11,"covered":9,"skipped":0,"pct":81.81},"functions":{"total":2,"covered":2,"skipped":0,"pct":100},"statements":{"total":12,"covered":10,"skipped":0,"pct":83.33},"branches":{"total":6,"covered":5,"skipped":0,"pct":83.33}}
,"/Users/dknowles/src/trusty-track/frontend/src/features/observation/displayView.ts": {"lines":{"total":13,"covered":13,"skipped":0,"pct":100},"functions":{"total":3,"covered":3,"skipped":0,"pct":100},"statements":{"total":13,"covered":13,"skipped":0,"pct":100},"branches":{"total":13,"covered":13,"skipped":0,"pct":100}}
,"/Users/dknowles/src/trusty-track/frontend/src/features/observation/slideshow.ts": {"lines":{"total":14,"covered":14,"skipped":0,"pct":100},"functions":{"total":7,"covered":7,"skipped":0,"pct":100},"statements":{"total":18,"covered":18,"skipped":0,"pct":100},"branches":{"total":26,"covered":25,"skipped":0,"pct":96.15}}
,"/Users/dknowles/src/trusty-track/frontend/src/features/observation/components/DisplaysPanel.tsx": {"lines":{"total":24,"covered":0,"skipped":0,"pct":0},"functions":{"total":9,"covered":0,"skipped":0,"pct":0},"statements":{"total":24,"covered":0,"skipped":0,"pct":0},"branches":{"total":23,"covered":0,"skipped":0,"pct":0}}
,"/Users/dknowles/src/trusty-track/frontend/src/features/observation/components/PhotoSlideshow.tsx": {"lines":{"total":12,"covered":0,"skipped":0,"pct":0},"functions":{"total":5,"covered":0,"skipped":0,"pct":0},"statements":{"total":15,"covered":0,"skipped":0,"pct":0},"branches":{"total":30,"covered":0,"skipped":0,"pct":0}}
,"/Users/dknowles/src/trusty-track/frontend/src/features/observation/graphql/queries.ts": {"lines":{"total":11,"covered":11,"skipped":0,"pct":100},"functions":{"total":0,"covered":0,"skipped":0,"pct":100},"statements":{"total":11,"covered":11,"skipped":0,"pct":100},"branches":{"total":0,"covered":0,"skipped":0,"pct":100}}
,"/Users/dknowles/src/trusty-track/frontend/src/features/observation/pages/Observation.tsx": {"lines":{"total":115,"covered":102,"skipped":0,"pct":88.69},"functions":{"total":39,"covered":31,"skipped":0,"pct":79.48},"statements":{"total":129,"covered":112,"skipped":0,"pct":86.82},"branches":{"total":237,"covered":152,"skipped":0,"pct":64.13}}
,"/Users/dknowles/src/trusty-track/frontend/src/features/printables/PrintSheet.css": {"lines":{"total":0,"covered":0,"skipped":0,"pct":100},"functions":{"total":0,"covered":0,"skipped":0,"pct":100},"statements":{"total":0,"covered":0,"skipped":0,"pct":100},"branches":{"total":0,"covered":0,"skipped":0,"pct":100}}
,"/Users/dknowles/src/trusty-track/frontend/src/features/printables/documents.ts": {"lines":{"total":32,"covered":32,"skipped":0,"pct":100},"functions":{"total":14,"covered":14,"skipped":0,"pct":100},"statements":{"total":42,"covered":42,"skipped":0,"pct":100},"branches":{"total":40,"covered":33,"skipped":0,"pct":82.5}}
,"/Users/dknowles/src/trusty-track/frontend/src/features/printables/heatSheet.ts": {"lines":{"total":25,"covered":25,"skipped":0,"pct":100},"functions":{"total":15,"covered":15,"skipped":0,"pct":100},"statements":{"total":31,"covered":31,"skipped":0,"pct":100},"branches":{"total":14,"covered":14,"skipped":0,"pct":100}}
,"/Users/dknowles/src/trusty-track/frontend/src/features/printables/resultsSheet.ts": {"lines":{"total":21,"covered":21,"skipped":0,"pct":100},"functions":{"total":8,"covered":8,"skipped":0,"pct":100},"statements":{"total":25,"covered":25,"skipped":0,"pct":100},"branches":{"total":24,"covered":22,"skipped":0,"pct":91.66}}
,"/Users/dknowles/src/trusty-track/frontend/src/features/printables/scanning.ts": {"lines":{"total":21,"covered":21,"skipped":0,"pct":100},"functions":{"total":6,"covered":6,"skipped":0,"pct":100},"statements":{"total":30,"covered":30,"skipped":0,"pct":100},"branches":{"total":26,"covered":26,"skipped":0,"pct":100}}
,"/Users/dknowles/src/trusty-track/frontend/src/features/printables/components/CheckInCode.tsx": {"lines":{"total":2,"covered":2,"skipped":0,"pct":100},"functions":{"total":1,"covered":1,"skipped":0,"pct":100},"statements":{"total":2,"covered":2,"skipped":0,"pct":100},"branches":{"total":2,"covered":1,"skipped":0,"pct":50}}
,"/Users/dknowles/src/trusty-track/frontend/src/features/printables/components/CheckInScanner.tsx": {"lines":{"total":58,"covered":55,"skipped":0,"pct":94.82},"functions":{"total":10,"covered":9,"skipped":0,"pct":90},"statements":{"total":66,"covered":60,"skipped":0,"pct":90.9},"branches":{"total":30,"covered":26,"skipped":0,"pct":86.66}}
,"/Users/dknowles/src/trusty-track/frontend/src/features/printables/components/DriversLicense.tsx": {"lines":{"total":1,"covered":1,"skipped":0,"pct":100},"functions":{"total":1,"covered":1,"skipped":0,"pct":100},"statements":{"total":1,"covered":1,"skipped":0,"pct":100},"branches":{"total":6,"covered":5,"skipped":0,"pct":83.33}}
,"/Users/dknowles/src/trusty-track/frontend/src/features/printables/components/PitPass.tsx": {"lines":{"total":3,"covered":3,"skipped":0,"pct":100},"functions":{"total":1,"covered":1,"skipped":0,"pct":100},"statements":{"total":3,"covered":3,"skipped":0,"pct":100},"branches":{"total":12,"covered":10,"skipped":0,"pct":83.33}}
,"/Users/dknowles/src/trusty-track/frontend/src/features/printables/components/PrintPhoto.tsx": {"lines":{"total":5,"covered":5,"skipped":0,"pct":100},"functions":{"total":1,"covered":1,"skipped":0,"pct":100},"statements":{"total":5,"covered":5,"skipped":0,"pct":100},"branches":{"total":2,"covered":2,"skipped":0,"pct":100}}
,"/Users/dknowles/src/trusty-track/frontend/src/features/printables/graphql/queries.ts": {"lines":{"total":3,"covered":3,"skipped":0,"pct":100},"functions":{"total":0,"covered":0,"skipped":0,"pct":100},"statements":{"total":3,"covered":3,"skipped":0,"pct":100},"branches":{"total":0,"covered":0,"skipped":0,"pct":100}}
,"/Users/dknowles/src/trusty-track/frontend/src/features/printables/pages/Printables.tsx": {"lines":{"total":28,"covered":28,"skipped":0,"pct":100},"functions":{"total":10,"covered":10,"skipped":0,"pct":100},"statements":{"total":34,"covered":32,"skipped":0,"pct":94.11},"branches":{"total":26,"covered":22,"skipped":0,"pct":84.61}}
,"/Users/dknowles/src/trusty-track/frontend/src/features/racing/chime.ts": {"lines":{"total":23,"covered":8,"skipped":0,"pct":34.78},"functions":{"total":6,"covered":4,"skipped":0,"pct":66.66},"statements":{"total":26,"covered":9,"skipped":0,"pct":34.61},"branches":{"total":9,"covered":8,"skipped":0,"pct":88.88}}
,"/Users/dknowles/src/trusty-track/frontend/src/features/racing/lanes.ts": {"lines":{"total":12,"covered":12,"skipped":0,"pct":100},"functions":{"total":12,"covered":11,"skipped":0,"pct":91.66},"statements":{"total":20,"covered":19,"skipped":0,"pct":95},"branches":{"total":8,"covered":7,"skipped":0,"pct":87.5}}
,"/Users/dknowles/src/trusty-track/frontend/src/features/racing/raceFlow.ts": {"lines":{"total":49,"covered":49,"skipped":0,"pct":100},"functions":{"total":8,"covered":8,"skipped":0,"pct":100},"statements":{"total":59,"covered":59,"skipped":0,"pct":100},"branches":{"total":52,"covered":50,"skipped":0,"pct":96.15}}
,"/Users/dknowles/src/trusty-track/frontend/src/features/racing/readiness.ts": {"lines":{"total":32,"covered":32,"skipped":0,"pct":100},"functions":{"total":14,"covered":14,"skipped":0,"pct":100},"statements":{"total":38,"covered":38,"skipped":0,"pct":100},"branches":{"total":28,"covered":27,"skipped":0,"pct":96.42}}
,"/Users/dknowles/src/trusty-track/frontend/src/features/racing/roundCompletion.ts": {"lines":{"total":7,"covered":7,"skipped":0,"pct":100},"functions":{"total":5,"covered":5,"skipped":0,"pct":100},"statements":{"total":7,"covered":7,"skipped":0,"pct":100},"branches":{"total":7,"covered":7,"skipped":0,"pct":100}}
,"/Users/dknowles/src/trusty-track/frontend/src/features/racing/serialLog.ts": {"lines":{"total":41,"covered":41,"skipped":0,"pct":100},"functions":{"total":4,"covered":4,"skipped":0,"pct":100},"statements":{"total":55,"covered":53,"skipped":0,"pct":96.36},"branches":{"total":49,"covered":47,"skipped":0,"pct":95.91}}
,"/Users/dknowles/src/trusty-track/frontend/src/features/racing/shortcuts.ts": {"lines":{"total":12,"covered":12,"skipped":0,"pct":100},"functions":{"total":2,"covered":2,"skipped":0,"pct":100},"statements":{"total":16,"covered":16,"skipped":0,"pct":100},"branches":{"total":32,"covered":32,"skipped":0,"pct":100}}
,"/Users/dknowles/src/trusty-track/frontend/src/features/racing/testFixtures.ts": {"lines":{"total":4,"covered":2,"skipped":0,"pct":50},"functions":{"total":2,"covered":1,"skipped":0,"pct":50},"statements":{"total":5,"covered":3,"skipped":0,"pct":60},"branches":{"total":2,"covered":0,"skipped":0,"pct":0}}
,"/Users/dknowles/src/trusty-track/frontend/src/features/racing/useRaceFlow.ts": {"lines":{"total":26,"covered":25,"skipped":0,"pct":96.15},"functions":{"total":9,"covered":8,"skipped":0,"pct":88.88},"statements":{"total":29,"covered":28,"skipped":0,"pct":96.55},"branches":{"total":8,"covered":8,"skipped":0,"pct":100}}
,"/Users/dknowles/src/trusty-track/frontend/src/features/racing/components/FakeTimerMole.tsx": {"lines":{"total":46,"covered":36,"skipped":0,"pct":78.26},"functions":{"total":11,"covered":8,"skipped":0,"pct":72.72},"statements":{"total":48,"covered":38,"skipped":0,"pct":79.16},"branches":{"total":47,"covered":40,"skipped":0,"pct":85.1}}
,"/Users/dknowles/src/trusty-track/frontend/src/features/racing/components/FreeRaceExecution.tsx": {"lines":{"total":97,"covered":84,"skipped":0,"pct":86.59},"functions":{"total":27,"covered":19,"skipped":0,"pct":70.37},"statements":{"total":108,"covered":91,"skipped":0,"pct":84.25},"branches":{"total":134,"covered":96,"skipped":0,"pct":71.64}}
,"/Users/dknowles/src/trusty-track/frontend/src/features/racing/components/FreeRaceLaneSetup.tsx": {"lines":{"total":51,"covered":39,"skipped":0,"pct":76.47},"functions":{"total":27,"covered":18,"skipped":0,"pct":66.66},"statements":{"total":59,"covered":42,"skipped":0,"pct":71.18},"branches":{"total":85,"covered":58,"skipped":0,"pct":68.23}}
,"/Users/dknowles/src/trusty-track/frontend/src/features/racing/components/FreeRaceTab.tsx": {"lines":{"total":22,"covered":20,"skipped":0,"pct":90.9},"functions":{"total":4,"covered":4,"skipped":0,"pct":100},"statements":{"total":23,"covered":21,"skipped":0,"pct":91.3},"branches":{"total":10,"covered":9,"skipped":0,"pct":90}}
,"/Users/dknowles/src/trusty-track/frontend/src/features/racing/components/HardwareTimerMole.tsx": {"lines":{"total":39,"covered":25,"skipped":0,"pct":64.1},"functions":{"total":9,"covered":3,"skipped":0,"pct":33.33},"statements":{"total":40,"covered":25,"skipped":0,"pct":62.5},"branches":{"total":44,"covered":23,"skipped":0,"pct":52.27}}
,"/Users/dknowles/src/trusty-track/frontend/src/features/racing/components/RaceExecution.tsx": {"lines":{"total":103,"covered":83,"skipped":0,"pct":80.58},"functions":{"total":37,"covered":25,"skipped":0,"pct":67.56},"statements":{"total":116,"covered":92,"skipped":0,"pct":79.31},"branches":{"total":235,"covered":164,"skipped":0,"pct":69.78}}
,"/Users/dknowles/src/trusty-track/frontend/src/features/racing/components/ReadinessStrip.tsx": {"lines":{"total":14,"covered":14,"skipped":0,"pct":100},"functions":{"total":4,"covered":4,"skipped":0,"pct":100},"statements":{"total":14,"covered":14,"skipped":0,"pct":100},"branches":{"total":22,"covered":22,"skipped":0,"pct":100}}
,"/Users/dknowles/src/trusty-track/frontend/src/features/racing/components/RoundConfigModal.tsx": {"lines":{"total":33,"covered":22,"skipped":0,"pct":66.66},"functions":{"total":12,"covered":4,"skipped":0,"pct":33.33},"statements":{"total":34,"covered":23,"skipped":0,"pct":67.64},"branches":{"total":51,"covered":28,"skipped":0,"pct":54.9}}
,"/Users/dknowles/src/trusty-track/frontend/src/features/racing/components/RoundWizard.tsx": {"lines":{"total":63,"covered":55,"skipped":0,"pct":87.3},"functions":{"total":31,"covered":25,"skipped":0,"pct":80.64},"statements":{"total":77,"covered":69,"skipped":0,"pct":89.61},"branches":{"total":70,"covered":51,"skipped":0,"pct":72.85}}
,"/Users/dknowles/src/trusty-track/frontend/src/features/racing/components/ScheduleManagement.tsx": {"lines":{"total":105,"covered":60,"skipped":0,"pct":57.14},"functions":{"total":47,"covered":27,"skipped":0,"pct":57.44},"statements":{"total":122,"covered":68,"skipped":0,"pct":55.73},"branches":{"total":135,"covered":91,"skipped":0,"pct":67.4}}
,"/Users/dknowles/src/trusty-track/frontend/src/features/racing/components/SerialProxyConnector.css": {"lines":{"total":0,"covered":0,"skipped":0,"pct":100},"functions":{"total":0,"covered":0,"skipped":0,"pct":100},"statements":{"total":0,"covered":0,"skipped":0,"pct":100},"branches":{"total":0,"covered":0,"skipped":0,"pct":100}}
,"/Users/dknowles/src/trusty-track/frontend/src/features/racing/components/SerialProxyConnector.tsx": {"lines":{"total":9,"covered":1,"skipped":0,"pct":11.11},"functions":{"total":2,"covered":0,"skipped":0,"pct":0},"statements":{"total":9,"covered":1,"skipped":0,"pct":11.11},"branches":{"total":8,"covered":0,"skipped":0,"pct":0}}
,"/Users/dknowles/src/trusty-track/frontend/src/features/racing/components/TimerStatusBadge.css": {"lines":{"total":0,"covered":0,"skipped":0,"pct":100},"functions":{"total":0,"covered":0,"skipped":0,"pct":100},"statements":{"total":0,"covered":0,"skipped":0,"pct":100},"branches":{"total":0,"covered":0,"skipped":0,"pct":100}}
,"/Users/dknowles/src/trusty-track/frontend/src/features/racing/components/TimerStatusBadge.tsx": {"lines":{"total":12,"covered":7,"skipped":0,"pct":58.33},"functions":{"total":2,"covered":2,"skipped":0,"pct":100},"statements":{"total":12,"covered":7,"skipped":0,"pct":58.33},"branches":{"total":9,"covered":2,"skipped":0,"pct":22.22}}
,"/Users/dknowles/src/trusty-track/frontend/src/features/racing/components/timer/TimerStatusBadge.tsx": {"lines":{"total":15,"covered":1,"skipped":0,"pct":6.66},"functions":{"total":2,"covered":0,"skipped":0,"pct":0},"statements":{"total":15,"covered":1,"skipped":0,"pct":6.66},"branches":{"total":16,"covered":0,"skipped":0,"pct":0}}
,"/Users/dknowles/src/trusty-track/frontend/src/features/racing/graphql/queries.ts": {"lines":{"total":11,"covered":11,"skipped":0,"pct":100},"functions":{"total":0,"covered":0,"skipped":0,"pct":100},"statements":{"total":11,"covered":11,"skipped":0,"pct":100},"branches":{"total":0,"covered":0,"skipped":0,"pct":100}}
,"/Users/dknowles/src/trusty-track/frontend/src/features/racing/pages/RaceControl.tsx": {"lines":{"total":219,"covered":145,"skipped":0,"pct":66.21},"functions":{"total":61,"covered":44,"skipped":0,"pct":72.13},"statements":{"total":257,"covered":166,"skipped":0,"pct":64.59},"branches":{"total":232,"covered":147,"skipped":0,"pct":63.36}}
,"/Users/dknowles/src/trusty-track/frontend/src/features/settings/activityLog.ts": {"lines":{"total":39,"covered":35,"skipped":0,"pct":89.74},"functions":{"total":8,"covered":7,"skipped":0,"pct":87.5},"statements":{"total":48,"covered":42,"skipped":0,"pct":87.5},"branches":{"total":28,"covered":23,"skipped":0,"pct":82.14}}
,"/Users/dknowles/src/trusty-track/frontend/src/features/settings/backupClient.ts": {"lines":{"total":28,"covered":28,"skipped":0,"pct":100},"functions":{"total":4,"covered":4,"skipped":0,"pct":100},"statements":{"total":29,"covered":29,"skipped":0,"pct":100},"branches":{"total":12,"covered":9,"skipped":0,"pct":75}}
,"/Users/dknowles/src/trusty-track/frontend/src/features/settings/laneOutages.ts": {"lines":{"total":10,"covered":10,"skipped":0,"pct":100},"functions":{"total":6,"covered":6,"skipped":0,"pct":100},"statements":{"total":14,"covered":14,"skipped":0,"pct":100},"branches":{"total":8,"covered":8,"skipped":0,"pct":100}}
,"/Users/dknowles/src/trusty-track/frontend/src/features/settings/pinFields.ts": {"lines":{"total":10,"covered":10,"skipped":0,"pct":100},"functions":{"total":4,"covered":4,"skipped":0,"pct":100},"statements":{"total":13,"covered":13,"skipped":0,"pct":100},"branches":{"total":14,"covered":14,"skipped":0,"pct":100}}
,"/Users/dknowles/src/trusty-track/frontend/src/features/settings/timerTest.ts": {"lines":{"total":24,"covered":15,"skipped":0,"pct":62.5},"functions":{"total":5,"covered":3,"skipped":0,"pct":60},"statements":{"total":26,"covered":15,"skipped":0,"pct":57.69},"branches":{"total":17,"covered":12,"skipped":0,"pct":70.58}}
,"/Users/dknowles/src/trusty-track/frontend/src/features/settings/components/BackupPanel.tsx": {"lines":{"total":24,"covered":23,"skipped":0,"pct":95.83},"functions":{"total":5,"covered":3,"skipped":0,"pct":60},"statements":{"total":27,"covered":24,"skipped":0,"pct":88.88},"branches":{"total":8,"covered":7,"skipped":0,"pct":87.5}}
,"/Users/dknowles/src/trusty-track/frontend/src/features/settings/components/PinFieldRow.tsx": {"lines":{"total":3,"covered":1,"skipped":0,"pct":33.33},"functions":{"total":3,"covered":1,"skipped":0,"pct":33.33},"statements":{"total":3,"covered":1,"skipped":0,"pct":33.33},"branches":{"total":16,"covered":6,"skipped":0,"pct":37.5}}
,"/Users/dknowles/src/trusty-track/frontend/src/features/settings/components/TrackLanes.tsx": {"lines":{"total":17,"covered":8,"skipped":0,"pct":47.05},"functions":{"total":4,"covered":2,"skipped":0,"pct":50},"statements":{"total":17,"covered":8,"skipped":0,"pct":47.05},"branches":{"total":8,"covered":3,"skipped":0,"pct":37.5}}
,"/Users/dknowles/src/trusty-track/frontend/src/features/settings/pages/SystemSettings.tsx": {"lines":{"total":96,"covered":75,"skipped":0,"pct":78.12},"functions":{"total":26,"covered":15,"skipped":0,"pct":57.69},"statements":{"total":100,"covered":77,"skipped":0,"pct":77},"branches":{"total":108,"covered":72,"skipped":0,"pct":66.66}}
,"/Users/dknowles/src/trusty-track/frontend/src/features/settings/pages/TimerDiagnostics.tsx": {"lines":{"total":69,"covered":47,"skipped":0,"pct":68.11},"functions":{"total":16,"covered":8,"skipped":0,"pct":50},"statements":{"total":69,"covered":47,"skipped":0,"pct":68.11},"branches":{"total":108,"covered":75,"skipped":0,"pct":69.44}}
,"/Users/dknowles/src/trusty-track/frontend/src/features/stats/disruptedRounds.ts": {"lines":{"total":8,"covered":8,"skipped":0,"pct":100},"functions":{"total":4,"covered":4,"skipped":0,"pct":100},"statements":{"total":11,"covered":11,"skipped":0,"pct":100},"branches":{"total":10,"covered":10,"skipped":0,"pct":100}}
,"/Users/dknowles/src/trusty-track/frontend/src/features/stats/standingsExport.ts": {"lines":{"total":8,"covered":8,"skipped":0,"pct":100},"functions":{"total":5,"covered":5,"skipped":0,"pct":100},"statements":{"total":9,"covered":9,"skipped":0,"pct":100},"branches":{"total":8,"covered":8,"skipped":0,"pct":100}}
,"/Users/dknowles/src/trusty-track/frontend/src/features/stats/components/Leaderboard.tsx": {"lines":{"total":44,"covered":36,"skipped":0,"pct":81.81},"functions":{"total":12,"covered":10,"skipped":0,"pct":83.33},"statements":{"total":52,"covered":42,"skipped":0,"pct":80.76},"branches":{"total":72,"covered":51,"skipped":0,"pct":70.83}}
,"/Users/dknowles/src/trusty-track/frontend/src/features/stats/pages/Standings.tsx": {"lines":{"total":4,"covered":4,"skipped":0,"pct":100},"functions":{"total":1,"covered":1,"skipped":0,"pct":100},"statements":{"total":5,"covered":4,"skipped":0,"pct":80},"branches":{"total":6,"covered":4,"skipped":0,"pct":66.66}}
,"/Users/dknowles/src/trusty-track/frontend/src/utils/avatarUtils.ts": {"lines":{"total":14,"covered":14,"skipped":0,"pct":100},"functions":{"total":2,"covered":2,"skipped":0,"pct":100},"statements":{"total":15,"covered":15,"skipped":0,"pct":100},"branches":{"total":11,"covered":11,"skipped":0,"pct":100}}
,"/Users/dknowles/src/trusty-track/frontend/src/utils/colors.ts": {"lines":{"total":8,"covered":8,"skipped":0,"pct":100},"functions":{"total":1,"covered":1,"skipped":0,"pct":100},"statements":{"total":8,"covered":8,"skipped":0,"pct":100},"branches":{"total":2,"covered":2,"skipped":0,"pct":100}}
,"/Users/dknowles/src/trusty-track/frontend/src/utils/constants.ts": {"lines":{"total":1,"covered":1,"skipped":0,"pct":100},"functions":{"total":0,"covered":0,"skipped":0,"pct":100},"statements":{"total":1,"covered":1,"skipped":0,"pct":100},"branches":{"total":0,"covered":0,"skipped":0,"pct":100}}
,"/Users/dknowles/src/trusty-track/frontend/src/utils/csv.ts": {"lines":{"total":11,"covered":5,"skipped":0,"pct":45.45},"functions":{"total":5,"covered":4,"skipped":0,"pct":80},"statements":{"total":12,"covered":6,"skipped":0,"pct":50},"branches":{"total":4,"covered":4,"skipped":0,"pct":100}}
,"/Users/dknowles/src/trusty-track/frontend/src/utils/duration.ts": {"lines":{"total":2,"covered":2,"skipped":0,"pct":100},"functions":{"total":2,"covered":2,"skipped":0,"pct":100},"statements":{"total":2,"covered":2,"skipped":0,"pct":100},"branches":{"total":2,"covered":2,"skipped":0,"pct":100}}
,"/Users/dknowles/src/trusty-track/frontend/src/utils/errors.ts": {"lines":{"total":11,"covered":11,"skipped":0,"pct":100},"functions":{"total":1,"covered":1,"skipped":0,"pct":100},"statements":{"total":15,"covered":15,"skipped":0,"pct":100},"branches":{"total":12,"covered":12,"skipped":0,"pct":100}}
}
